<?xml version="1.0" encoding="UTF-8"?>
<testsuite xmlns:xsi="http://www.w3.org/2001/XMLSchema-instance" xsi:noNamespaceSchemaLocation="https://maven.apache.org/surefire/maven-surefire-plugin/xsd/surefire-test-report-3.0.xsd" version="3.0" name="org.sonar.samples.java.checks.SpringControllerRequestMappingEntityRuleTest" time="0.08" tests="1" errors="0" skipped="0" failures="0">
  <properties>
    <property name="sun.desktop" value="windows"/>
    <property name="awt.toolkit" value="sun.awt.windows.WToolkit"/>
    <property name="file.encoding.pkg" value="sun.io"/>
    <property name="java.specification.version" value="1.8"/>
    <property name="sun.cpu.isalist" value="amd64"/>
    <property name="sun.jnu.encoding" value="GBK"/>
    <property name="java.class.path" value="F:\软件开发工具\java-custom-rules\target\test-classes;F:\软件开发工具\java-custom-rules\target\classes;E:\maven\maven-repository\org\sonarsource\sonarqube\sonar-plugin-api\8.2.0.32929\sonar-plugin-api-8.2.0.32929.jar;E:\maven\maven-repository\org\sonarsource\java\sonar-java-plugin\6.3.0.21585\sonar-java-plugin-6.3.0.21585.jar;E:\maven\maven-repository\org\sonarsource\java\java-surefire\6.3.0.21585\java-surefire-6.3.0.21585.jar;E:\maven\maven-repository\com\fasterxml\staxmate\staxmate\2.3.1\staxmate-2.3.1.jar;E:\maven\maven-repository\org\codehaus\woodstox\stax2-api\3.1.4\stax2-api-3.1.4.jar;E:\maven\maven-repository\org\sonarsource\analyzer-commons\sonar-xml-parsing\1.11.0.541\sonar-xml-parsing-1.11.0.541.jar;E:\maven\maven-repository\xerces\xercesImpl\2.12.0\xercesImpl-2.12.0.jar;E:\maven\maven-repository\xml-apis\xml-apis\1.4.01\xml-apis-1.4.01.jar;E:\maven\maven-repository\com\fasterxml\woodstox\woodstox-core\5.2.0\woodstox-core-5.2.0.jar;E:\maven\maven-repository\org\sonarsource\java\java-frontend\6.3.0.21585\java-frontend-6.3.0.21585.jar;E:\maven\maven-repository\org\sonarsource\java\jdt\6.3.0.21585\jdt-6.3.0.21585-shaded.jar;E:\maven\maven-repository\org\eclipse\jdt\org.eclipse.jdt.core\3.20.0\org.eclipse.jdt.core-3.20.0.jar;E:\maven\maven-repository\org\eclipse\platform\org.eclipse.core.resources\3.13.700\org.eclipse.core.resources-3.13.700.jar;E:\maven\maven-repository\org\eclipse\platform\org.eclipse.core.runtime\3.18.0\org.eclipse.core.runtime-3.18.0.jar;E:\maven\maven-repository\org\eclipse\platform\org.eclipse.osgi\3.15.300\org.eclipse.osgi-3.15.300.jar;E:\maven\maven-repository\org\eclipse\platform\org.eclipse.equinox.common\3.12.0\org.eclipse.equinox.common-3.12.0.jar;E:\maven\maven-repository\org\eclipse\platform\org.eclipse.core.jobs\3.10.800\org.eclipse.core.jobs-3.10.800.jar;E:\maven\maven-repository\org\eclipse\platform\org.eclipse.equinox.preferences\3.8.0\org.eclipse.equinox.preferences-3.8.0.jar;E:\maven\maven-repository\org\eclipse\platform\org.eclipse.core.contenttype\3.7.700\org.eclipse.core.contenttype-3.7.700.jar;E:\maven\maven-repository\org\eclipse\platform\org.eclipse.text\3.10.200\org.eclipse.text-3.10.200.jar;E:\maven\maven-repository\org\eclipse\platform\org.eclipse.core.commands\3.9.700\org.eclipse.core.commands-3.9.700.jar;E:\maven\maven-repository\org\ow2\asm\asm-commons\7.1\asm-commons-7.1.jar;E:\maven\maven-repository\org\ow2\asm\asm\7.1\asm-7.1.jar;E:\maven\maven-repository\org\ow2\asm\asm-tree\7.1\asm-tree-7.1.jar;E:\maven\maven-repository\org\ow2\asm\asm-analysis\7.1\asm-analysis-7.1.jar;E:\maven\maven-repository\org\ow2\asm\asm-util\7.1\asm-util-7.1.jar;E:\maven\maven-repository\org\sonarsource\java\java-checks\6.3.0.21585\java-checks-6.3.0.21585.jar;E:\maven\maven-repository\org\sonarsource\analyzer-commons\sonar-analyzer-recognizers\1.11.0.541\sonar-analyzer-recognizers-1.11.0.541.jar;E:\maven\maven-repository\org\sonarsource\java\external-reports\6.3.0.21585\external-reports-6.3.0.21585.jar;E:\maven\maven-repository\org\sonarsource\java\java-jsp\6.3.0.21585\java-jsp-6.3.0.21585.jar;E:\maven\maven-repository\org\apache\tomcat\embed\tomcat-embed-jasper\9.0.33\tomcat-embed-jasper-9.0.33.jar;E:\maven\maven-repository\org\apache\tomcat\embed\tomcat-embed-core\9.0.33\tomcat-embed-core-9.0.33.jar;E:\maven\maven-repository\org\apache\tomcat\tomcat-annotations-api\9.0.33\tomcat-annotations-api-9.0.33.jar;E:\maven\maven-repository\org\apache\tomcat\embed\tomcat-embed-el\9.0.33\tomcat-embed-el-9.0.33.jar;E:\maven\maven-repository\org\sonarsource\analyzer-commons\sonar-analyzer-commons\1.11.0.541\sonar-analyzer-commons-1.11.0.541.jar;E:\maven\maven-repository\org\sonarsource\sonarqube\sonar-plugin-api-impl\8.2.0.32929\sonar-plugin-api-impl-8.2.0.32929.jar;E:\maven\maven-repository\commons-codec\commons-codec\1.12\commons-codec-1.12.jar;E:\maven\maven-repository\commons-io\commons-io\2.6\commons-io-2.6.jar;E:\maven\maven-repository\org\apache\commons\commons-csv\1.7\commons-csv-1.7.jar;E:\maven\maven-repository\org\sonarsource\sslr-squid-bridge\sslr-squid-bridge\2.6.1\sslr-squid-bridge-2.6.1.jar;E:\maven\maven-repository\org\picocontainer\picocontainer\2.14.1\picocontainer-2.14.1.jar;E:\maven\maven-repository\org\sonarsource\java\java-checks-testkit\6.3.0.21585\java-checks-testkit-6.3.0.21585.jar;E:\maven\maven-repository\com\google\code\findbugs\jsr305\1.3.9\jsr305-1.3.9.jar;E:\maven\maven-repository\com\google\code\gson\gson\2.6.2\gson-2.6.2.jar;E:\maven\maven-repository\org\sonarsource\sslr\sslr-testing-harness\1.21\sslr-testing-harness-1.21.jar;E:\maven\maven-repository\org\sonarsource\sslr\sslr-core\1.21\sslr-core-1.21.jar;E:\maven\maven-repository\cglib\cglib-nodep\3.1\cglib-nodep-3.1.jar;E:\maven\maven-repository\org\sonarsource\sslr\sslr-toolkit\1.21\sslr-toolkit-1.21.jar;E:\maven\maven-repository\org\sonarsource\sslr\sslr-xpath\1.21\sslr-xpath-1.21.jar;E:\maven\maven-repository\jaxen\jaxen\1.1.4\jaxen-1.1.4.jar;E:\maven\maven-repository\org\codehaus\sonar\sonar-colorizer\3.7\sonar-colorizer-3.7.jar;E:\maven\maven-repository\org\codehaus\sonar\sonar-channel\3.7\sonar-channel-3.7.jar;E:\maven\maven-repository\org\easytesting\fest-assert\1.4\fest-assert-1.4.jar;E:\maven\maven-repository\org\easytesting\fest-util\1.1.6\fest-util-1.1.6.jar;E:\maven\maven-repository\org\hamcrest\hamcrest-all\1.1\hamcrest-all-1.1.jar;E:\maven\maven-repository\commons-lang\commons-lang\2.6\commons-lang-2.6.jar;E:\maven\maven-repository\com\google\guava\guava\26.0-jre\guava-26.0-jre.jar;E:\maven\maven-repository\org\checkerframework\checker-qual\2.5.2\checker-qual-2.5.2.jar;E:\maven\maven-repository\com\google\errorprone\error_prone_annotations\2.1.3\error_prone_annotations-2.1.3.jar;E:\maven\maven-repository\com\google\j2objc\j2objc-annotations\1.1\j2objc-annotations-1.1.jar;E:\maven\maven-repository\org\codehaus\mojo\animal-sniffer-annotations\1.14\animal-sniffer-annotations-1.14.jar;E:\maven\maven-repository\org\slf4j\slf4j-api\1.6.2\slf4j-api-1.6.2.jar;E:\maven\maven-repository\junit\junit\4.11\junit-4.11.jar;E:\maven\maven-repository\org\hamcrest\hamcrest-core\1.3\hamcrest-core-1.3.jar;E:\maven\maven-repository\org\assertj\assertj-core\3.6.1\assertj-core-3.6.1.jar;E:\maven\maven-repository\ch\qos\logback\logback-classic\0.9.30\logback-classic-0.9.30.jar;E:\maven\maven-repository\ch\qos\logback\logback-core\0.9.30\logback-core-0.9.30.jar;"/>
    <property name="java.vm.vendor" value="Oracle Corporation"/>
    <property name="sun.arch.data.model" value="64"/>
    <property name="user.variant" value=""/>
    <property name="java.vendor.url" value="http://java.oracle.com/"/>
    <property name="user.timezone" value="Asia/Shanghai"/>
    <property name="java.vm.specification.version" value="1.8"/>
    <property name="os.name" value="Windows 10"/>
    <property name="user.country" value="CN"/>
    <property name="sun.java.launcher" value="SUN_STANDARD"/>
    <property name="sun.boot.library.path" value="E:\java\jdk1.8\jre\bin"/>
    <property name="sun.java.command" value="C:\Users\Administrator\AppData\Local\Temp\surefire8053343463432084163\surefirebooter7631437754453407779.jar C:\Users\Administrator\AppData\Local\Temp\surefire8053343463432084163 2020-07-15T17-20-15_416-jvmRun1 surefire736711083050324709tmp surefire_02333016259267409658tmp"/>
    <property name="surefire.test.class.path" value="F:\软件开发工具\java-custom-rules\target\test-classes;F:\软件开发工具\java-custom-rules\target\classes;E:\maven\maven-repository\org\sonarsource\sonarqube\sonar-plugin-api\8.2.0.32929\sonar-plugin-api-8.2.0.32929.jar;E:\maven\maven-repository\org\sonarsource\java\sonar-java-plugin\6.3.0.21585\sonar-java-plugin-6.3.0.21585.jar;E:\maven\maven-repository\org\sonarsource\java\java-surefire\6.3.0.21585\java-surefire-6.3.0.21585.jar;E:\maven\maven-repository\com\fasterxml\staxmate\staxmate\2.3.1\staxmate-2.3.1.jar;E:\maven\maven-repository\org\codehaus\woodstox\stax2-api\3.1.4\stax2-api-3.1.4.jar;E:\maven\maven-repository\org\sonarsource\analyzer-commons\sonar-xml-parsing\1.11.0.541\sonar-xml-parsing-1.11.0.541.jar;E:\maven\maven-repository\xerces\xercesImpl\2.12.0\xercesImpl-2.12.0.jar;E:\maven\maven-repository\xml-apis\xml-apis\1.4.01\xml-apis-1.4.01.jar;E:\maven\maven-repository\com\fasterxml\woodstox\woodstox-core\5.2.0\woodstox-core-5.2.0.jar;E:\maven\maven-repository\org\sonarsource\java\java-frontend\6.3.0.21585\java-frontend-6.3.0.21585.jar;E:\maven\maven-repository\org\sonarsource\java\jdt\6.3.0.21585\jdt-6.3.0.21585-shaded.jar;E:\maven\maven-repository\org\eclipse\jdt\org.eclipse.jdt.core\3.20.0\org.eclipse.jdt.core-3.20.0.jar;E:\maven\maven-repository\org\eclipse\platform\org.eclipse.core.resources\3.13.700\org.eclipse.core.resources-3.13.700.jar;E:\maven\maven-repository\org\eclipse\platform\org.eclipse.core.runtime\3.18.0\org.eclipse.core.runtime-3.18.0.jar;E:\maven\maven-repository\org\eclipse\platform\org.eclipse.osgi\3.15.300\org.eclipse.osgi-3.15.300.jar;E:\maven\maven-repository\org\eclipse\platform\org.eclipse.equinox.common\3.12.0\org.eclipse.equinox.common-3.12.0.jar;E:\maven\maven-repository\org\eclipse\platform\org.eclipse.core.jobs\3.10.800\org.eclipse.core.jobs-3.10.800.jar;E:\maven\maven-repository\org\eclipse\platform\org.eclipse.equinox.preferences\3.8.0\org.eclipse.equinox.preferences-3.8.0.jar;E:\maven\maven-repository\org\eclipse\platform\org.eclipse.core.contenttype\3.7.700\org.eclipse.core.contenttype-3.7.700.jar;E:\maven\maven-repository\org\eclipse\platform\org.eclipse.text\3.10.200\org.eclipse.text-3.10.200.jar;E:\maven\maven-repository\org\eclipse\platform\org.eclipse.core.commands\3.9.700\org.eclipse.core.commands-3.9.700.jar;E:\maven\maven-repository\org\ow2\asm\asm-commons\7.1\asm-commons-7.1.jar;E:\maven\maven-repository\org\ow2\asm\asm\7.1\asm-7.1.jar;E:\maven\maven-repository\org\ow2\asm\asm-tree\7.1\asm-tree-7.1.jar;E:\maven\maven-repository\org\ow2\asm\asm-analysis\7.1\asm-analysis-7.1.jar;E:\maven\maven-repository\org\ow2\asm\asm-util\7.1\asm-util-7.1.jar;E:\maven\maven-repository\org\sonarsource\java\java-checks\6.3.0.21585\java-checks-6.3.0.21585.jar;E:\maven\maven-repository\org\sonarsource\analyzer-commons\sonar-analyzer-recognizers\1.11.0.541\sonar-analyzer-recognizers-1.11.0.541.jar;E:\maven\maven-repository\org\sonarsource\java\external-reports\6.3.0.21585\external-reports-6.3.0.21585.jar;E:\maven\maven-repository\org\sonarsource\java\java-jsp\6.3.0.21585\java-jsp-6.3.0.21585.jar;E:\maven\maven-repository\org\apache\tomcat\embed\tomcat-embed-jasper\9.0.33\tomcat-embed-jasper-9.0.33.jar;E:\maven\maven-repository\org\apache\tomcat\embed\tomcat-embed-core\9.0.33\tomcat-embed-core-9.0.33.jar;E:\maven\maven-repository\org\apache\tomcat\tomcat-annotations-api\9.0.33\tomcat-annotations-api-9.0.33.jar;E:\maven\maven-repository\org\apache\tomcat\embed\tomcat-embed-el\9.0.33\tomcat-embed-el-9.0.33.jar;E:\maven\maven-repository\org\sonarsource\analyzer-commons\sonar-analyzer-commons\1.11.0.541\sonar-analyzer-commons-1.11.0.541.jar;E:\maven\maven-repository\org\sonarsource\sonarqube\sonar-plugin-api-impl\8.2.0.32929\sonar-plugin-api-impl-8.2.0.32929.jar;E:\maven\maven-repository\commons-codec\commons-codec\1.12\commons-codec-1.12.jar;E:\maven\maven-repository\commons-io\commons-io\2.6\commons-io-2.6.jar;E:\maven\maven-repository\org\apache\commons\commons-csv\1.7\commons-csv-1.7.jar;E:\maven\maven-repository\org\sonarsource\sslr-squid-bridge\sslr-squid-bridge\2.6.1\sslr-squid-bridge-2.6.1.jar;E:\maven\maven-repository\org\picocontainer\picocontainer\2.14.1\picocontainer-2.14.1.jar;E:\maven\maven-repository\org\sonarsource\java\java-checks-testkit\6.3.0.21585\java-checks-testkit-6.3.0.21585.jar;E:\maven\maven-repository\com\google\code\findbugs\jsr305\1.3.9\jsr305-1.3.9.jar;E:\maven\maven-repository\com\google\code\gson\gson\2.6.2\gson-2.6.2.jar;E:\maven\maven-repository\org\sonarsource\sslr\sslr-testing-harness\1.21\sslr-testing-harness-1.21.jar;E:\maven\maven-repository\org\sonarsource\sslr\sslr-core\1.21\sslr-core-1.21.jar;E:\maven\maven-repository\cglib\cglib-nodep\3.1\cglib-nodep-3.1.jar;E:\maven\maven-repository\org\sonarsource\sslr\sslr-toolkit\1.21\sslr-toolkit-1.21.jar;E:\maven\maven-repository\org\sonarsource\sslr\sslr-xpath\1.21\sslr-xpath-1.21.jar;E:\maven\maven-repository\jaxen\jaxen\1.1.4\jaxen-1.1.4.jar;E:\maven\maven-repository\org\codehaus\sonar\sonar-colorizer\3.7\sonar-colorizer-3.7.jar;E:\maven\maven-repository\org\codehaus\sonar\sonar-channel\3.7\sonar-channel-3.7.jar;E:\maven\maven-repository\org\easytesting\fest-assert\1.4\fest-assert-1.4.jar;E:\maven\maven-repository\org\easytesting\fest-util\1.1.6\fest-util-1.1.6.jar;E:\maven\maven-repository\org\hamcrest\hamcrest-all\1.1\hamcrest-all-1.1.jar;E:\maven\maven-repository\commons-lang\commons-lang\2.6\commons-lang-2.6.jar;E:\maven\maven-repository\com\google\guava\guava\26.0-jre\guava-26.0-jre.jar;E:\maven\maven-repository\org\checkerframework\checker-qual\2.5.2\checker-qual-2.5.2.jar;E:\maven\maven-repository\com\google\errorprone\error_prone_annotations\2.1.3\error_prone_annotations-2.1.3.jar;E:\maven\maven-repository\com\google\j2objc\j2objc-annotations\1.1\j2objc-annotations-1.1.jar;E:\maven\maven-repository\org\codehaus\mojo\animal-sniffer-annotations\1.14\animal-sniffer-annotations-1.14.jar;E:\maven\maven-repository\org\slf4j\slf4j-api\1.6.2\slf4j-api-1.6.2.jar;E:\maven\maven-repository\junit\junit\4.11\junit-4.11.jar;E:\maven\maven-repository\org\hamcrest\hamcrest-core\1.3\hamcrest-core-1.3.jar;E:\maven\maven-repository\org\assertj\assertj-core\3.6.1\assertj-core-3.6.1.jar;E:\maven\maven-repository\ch\qos\logback\logback-classic\0.9.30\logback-classic-0.9.30.jar;E:\maven\maven-repository\ch\qos\logback\logback-core\0.9.30\logback-core-0.9.30.jar;"/>
    <property name="sun.cpu.endian" value="little"/>
    <property name="user.home" value="C:\Users\Administrator"/>
    <property name="user.language" value="zh"/>
    <property name="java.specification.vendor" value="Oracle Corporation"/>
    <property name="java.home" value="E:\java\jdk1.8\jre"/>
    <property name="basedir" value="F:\软件开发工具\java-custom-rules"/>
    <property name="file.separator" value="\"/>
    <property name="line.separator" value="&#10;"/>
    <property name="idea.version2019.2.4" value="true"/>
    <property name="java.vm.specification.vendor" value="Oracle Corporation"/>
    <property name="java.specification.name" value="Java Platform API Specification"/>
    <property name="java.awt.graphicsenv" value="sun.awt.Win32GraphicsEnvironment"/>
    <property name="surefire.real.class.path" value="C:\Users\Administrator\AppData\Local\Temp\surefire8053343463432084163\surefirebooter7631437754453407779.jar"/>
    <property name="sun.boot.class.path" value="E:\java\jdk1.8\jre\lib\resources.jar;E:\java\jdk1.8\jre\lib\rt.jar;E:\java\jdk1.8\jre\lib\sunrsasign.jar;E:\java\jdk1.8\jre\lib\jsse.jar;E:\java\jdk1.8\jre\lib\jce.jar;E:\java\jdk1.8\jre\lib\charsets.jar;E:\java\jdk1.8\jre\lib\jfr.jar;E:\java\jdk1.8\jre\classes"/>
    <property name="user.script" value=""/>
    <property name="sun.management.compiler" value="HotSpot 64-Bit Tiered Compilers"/>
    <property name="java.runtime.version" value="1.8.0_191-b12"/>
    <property name="user.name" value="Administrator"/>
    <property name="path.separator" value=";"/>
    <property name="os.version" value="10.0"/>
    <property name="java.endorsed.dirs" value="E:\java\jdk1.8\jre\lib\endorsed"/>
    <property name="java.runtime.name" value="Java(TM) SE Runtime Environment"/>
    <property name="file.encoding" value="GBK"/>
    <property name="java.vm.name" value="Java HotSpot(TM) 64-Bit Server VM"/>
    <property name="localRepository" value="E:\maven\maven-repository"/>
    <property name="java.vendor.url.bug" value="http://bugreport.sun.com/bugreport/"/>
    <property name="java.io.tmpdir" value="C:\Users\ADMINI~1\AppData\Local\Temp\"/>
    <property name="java.version" value="1.8.0_191"/>
    <property name="user.dir" value="F:\软件开发工具\java-custom-rules"/>
    <property name="os.arch" value="amd64"/>
    <property name="java.vm.specification.name" value="Java Virtual Machine Specification"/>
    <property name="java.awt.printerjob" value="sun.awt.windows.WPrinterJob"/>
    <property name="sun.os.patch.level" value=""/>
    <property name="java.library.path" value="E:\java\jdk1.8\jre\bin;C:\Windows\Sun\Java\bin;C:\Windows\system32;C:\Windows;F:\Xftp\;G:\Xshell\;C:\Windows\system32;C:\Windows;C:\Windows\System32\Wbem;C:\Windows\System32\WindowsPowerShell\v1.0\;C:\Windows\System32\OpenSSH\;G:\node\nodejs;E:\git\Git\cmd;E:\FeiQ\jdk1.8.0_91\bin;G:\svn\bin;E:\maven\apache-maven-3.6.2\bin;F:\mysql-8.0.15-winx64\bin;C:\Program Files (x86)\Windows Kits\8.1\Windows Performance Toolkit\;C:\Windows\System32\cmd.exe;G:\nodejs\;F:\软件开发工具\sonar-scanner-3.0.0.702-windows\bin;C:\Users\Administrator\.windows-build-tools\python27\;C:\Users\Administrator\AppData\Local\Microsoft\WindowsApps;;C:\Users\Administrator\AppData\Local\Programs\Microsoft VS Code Insiders\bin;C:\Users\Administrator\AppData\Roaming\npm;F:\软件开发工具\VS Code\bin;."/>
    <property name="java.vm.info" value="mixed mode"/>
    <property name="java.vendor" value="Oracle Corporation"/>
    <property name="java.vm.version" value="25.191-b12"/>
    <property name="java.ext.dirs" value="E:\java\jdk1.8\jre\lib\ext;C:\Windows\Sun\Java\lib\ext"/>
    <property name="sun.io.unicode.encoding" value="UnicodeLittle"/>
    <property name="java.class.version" value="52.0"/>
  </properties>
  <testcase name="check" classname="org.sonar.samples.java.checks.SpringControllerRequestMappingEntityRuleTest" time="0.079">
    <system-out><![CDATA[17:20:19.314 [main] DEBUG o.s.java.bytecode.ClassLoaderBuilder - ----- Classpath analyzed by Squid:
17:20:19.314 [main] DEBUG o.s.java.bytecode.ClassLoaderBuilder - F:\软件开发工具\java-custom-rules\target\test-jars\commons-collections4-4.0.jar
17:20:19.314 [main] DEBUG o.s.java.bytecode.ClassLoaderBuilder - F:\软件开发工具\java-custom-rules\target\test-jars\javaee-api-6.0.jar
17:20:19.314 [main] DEBUG o.s.java.bytecode.ClassLoaderBuilder - F:\软件开发工具\java-custom-rules\target\test-jars\spring-context-4.3.3.RELEASE.jar
17:20:19.314 [main] DEBUG o.s.java.bytecode.ClassLoaderBuilder - F:\软件开发工具\java-custom-rules\target\test-jars\spring-web-4.3.3.RELEASE.jar
17:20:19.314 [main] DEBUG o.s.java.bytecode.ClassLoaderBuilder - F:\软件开发工具\java-custom-rules\target\test-jars\spring-webmvc-4.3.3.RELEASE.jar
17:20:19.314 [main] DEBUG o.s.java.bytecode.ClassLoaderBuilder - F:\软件开发工具\java-custom-rules\target\test-classes
17:20:19.314 [main] DEBUG o.s.java.bytecode.ClassLoaderBuilder - -----
17:20:19.319 [main] INFO  o.s.analyzer.commons.ProgressReport - 1 source files to be analyzed
17:20:19.385 [Report about progress of Java AST analyzer] INFO  o.s.analyzer.commons.ProgressReport - 1/1 source files have been analyzed
]]></system-out>
  </testcase>
</testsuite>